<?xml version="1.0" encoding="UTF-8"?>
<testng-results skipped="0" failed="0" ignored="0" total="0" passed="0">
  <reporter-output>
  </reporter-output>
  <suite name="Runner.TestRunner" duration-ms="8" started-at="2021-09-25T12:26:36 SGT" finished-at="2021-09-25T12:26:36 SGT">
    <groups>
    </groups>
    <test name="Command line test" duration-ms="8" started-at="2021-09-25T12:26:36 SGT" finished-at="2021-09-25T12:26:36 SGT">
    </test> <!-- Command line test -->
  </suite> <!-- Runner.TestRunner -->
</testng-results>
